2022-09-08 16:47:03,130  asyncio  DEBUG: Using selector: EpollSelector
2022-09-08 16:47:03,131  aiogram  DEBUG: Make request: "getMe" with data: "{}" and files "None"
2022-09-08 16:47:03,442  aiogram  DEBUG: Response for getMe: [200] "'{"ok":true,"result":{"id":5512711126,"is_bot":true,"first_name":"Edwica Duplicate Remover","username":"ed_without_duplicates_bot","can_join_groups":true,"can_read_all_group_messages":false,"supports_inline_queries":false}}'"
2022-09-08 16:47:03,443  aiogram  INFO: Bot: Edwica Duplicate Remover [@ed_without_duplicates_bot]
2022-09-08 16:47:03,443  aiogram  DEBUG: Make request: "getWebhookInfo" with data: "{}" and files "None"
2022-09-08 16:47:03,522  aiogram  DEBUG: Response for getWebhookInfo: [200] "'{"ok":true,"result":{"url":"","has_custom_certificate":false,"pending_update_count":0}}'"
2022-09-08 16:47:03,522  aiogram  DEBUG: Make request: "deleteWebhook" with data: "{'drop_pending_updates': True}" and files "None"
2022-09-08 16:47:03,604  aiogram  DEBUG: Response for deleteWebhook: [200] "'{"ok":true,"result":true,"description":"Webhook is already deleted"}'"
2022-09-08 16:47:03,604  aiogram  WARNING: Updates were skipped successfully.
2022-09-08 16:47:03,604  aiogram.dispatcher.dispatcher  INFO: Start polling.
2022-09-08 16:47:03,605  aiogram  DEBUG: Make request: "getWebhookInfo" with data: "{}" and files "None"
2022-09-08 16:47:03,706  aiogram  DEBUG: Response for getWebhookInfo: [200] "'{"ok":true,"result":{"url":"","has_custom_certificate":false,"pending_update_count":0}}'"
2022-09-08 16:47:03,706  aiogram  DEBUG: Make request: "getUpdates" with data: "{'timeout': 20}" and files "None"
2022-09-08 16:47:23,889  aiogram  DEBUG: Response for getUpdates: [200] "'{"ok":true,"result":[]}'"
2022-09-08 16:47:23,990  aiogram  DEBUG: Make request: "getUpdates" with data: "{'timeout': 20}" and files "None"
2022-09-08 16:47:44,165  aiogram  DEBUG: Response for getUpdates: [200] "'{"ok":true,"result":[]}'"
2022-09-08 16:47:44,267  aiogram  DEBUG: Make request: "getUpdates" with data: "{'timeout': 20}" and files "None"
2022-09-08 16:48:04,440  aiogram  DEBUG: Response for getUpdates: [200] "'{"ok":true,"result":[]}'"
2022-09-08 16:48:04,541  aiogram  DEBUG: Make request: "getUpdates" with data: "{'timeout': 20}" and files "None"
2022-09-08 16:48:24,714  aiogram  DEBUG: Response for getUpdates: [200] "'{"ok":true,"result":[]}'"
2022-09-08 16:48:24,815  aiogram  DEBUG: Make request: "getUpdates" with data: "{'timeout': 20}" and files "None"
2022-09-08 16:48:44,900  aiogram  DEBUG: Response for getUpdates: [200] "'{"ok":true,"result":[]}'"
2022-09-08 16:48:45,001  aiogram  DEBUG: Make request: "getUpdates" with data: "{'timeout': 20}" and files "None"
2022-09-08 16:49:05,092  aiogram  DEBUG: Response for getUpdates: [200] "'{"ok":true,"result":[]}'"
2022-09-08 16:49:05,193  aiogram  DEBUG: Make request: "getUpdates" with data: "{'timeout': 20}" and files "None"
2022-09-08 16:49:25,282  aiogram  DEBUG: Response for getUpdates: [200] "'{"ok":true,"result":[]}'"
2022-09-08 16:49:25,384  aiogram  DEBUG: Make request: "getUpdates" with data: "{'timeout': 20}" and files "None"
2022-09-08 16:49:45,485  aiogram  DEBUG: Response for getUpdates: [200] "'{"ok":true,"result":[]}'"
2022-09-08 16:49:45,587  aiogram  DEBUG: Make request: "getUpdates" with data: "{'timeout': 20}" and files "None"
2022-09-08 16:49:55,260  aiogram  DEBUG: Response for getUpdates: [200] "'{"ok":true,"result":[{"update_id":705069640,\n"message":{"message_id":1350,"from":{"id":544490770,"is_bot":false,"first_name":"Rosya","username":"salomanHere","language_code":"en"},"chat":{"id":544490770,"first_name":"Rosya","username":"salomanHere","type":"private"},"date":1662644995,"text":"/start","entities":[{"offset":0,"length":6,"type":"bot_command"}]}}]}'"
2022-09-08 16:49:55,261  aiogram.dispatcher.dispatcher  DEBUG: Received 1 updates.
2022-09-08 16:49:55,262  aiogram  DEBUG: Make request: "sendMessage" with data: "{'chat_id': 544490770, 'text': 'Для начала напишите мне - готов', 'reply_markup': '{"keyboard": [["Готов"]], "resize_keyboard": true, "selective": true}'}" and files "None"
2022-09-08 16:49:55,362  aiogram  DEBUG: Make request: "getUpdates" with data: "{'offset': 705069641, 'timeout': 20}" and files "None"
2022-09-08 16:49:55,383  aiogram  DEBUG: Response for sendMessage: [200] "'{"ok":true,"result":{"message_id":1351,"from":{"id":5512711126,"is_bot":true,"first_name":"Edwica Duplicate Remover","username":"ed_without_duplicates_bot"},"chat":{"id":544490770,"first_name":"Rosya","username":"salomanHere","type":"private"},"date":1662644995,"text":"\\u0414\\u043b\\u044f \\u043d\\u0430\\u0447\\u0430\\u043b\\u0430 \\u043d\\u0430\\u043f\\u0438\\u0448\\u0438\\u0442\\u0435 \\u043c\\u043d\\u0435 - \\u0433\\u043e\\u0442\\u043e\\u0432"}}'"
2022-09-08 16:49:58,990  aiogram  DEBUG: Response for getUpdates: [200] "'{"ok":true,"result":[{"update_id":705069641,\n"message":{"message_id":1352,"from":{"id":544490770,"is_bot":false,"first_name":"Rosya","username":"salomanHere","language_code":"en"},"chat":{"id":544490770,"first_name":"Rosya","username":"salomanHere","type":"private"},"date":1662644998,"text":"\\u0413\\u043e\\u0442\\u043e\\u0432"}}]}'"
2022-09-08 16:49:58,991  aiogram.dispatcher.dispatcher  DEBUG: Received 1 updates.
2022-09-08 16:49:59,261  root  INFO: Couple: Подводно-технические работы & С опытом работы
2022-09-08 16:49:59,262  aiogram  DEBUG: Make request: "sendMessage" with data: "{'chat_id': 544490770, 'text': '❔Одинаковые навыки?\n\n1️⃣ \tПодводно-технические работы\n2️⃣\tС опытом работы\n\n🤔Совместимость: 86%\n', 'reply_markup': '{"keyboard": [["Нет", "Да"]], "resize_keyboard": true, "selective": true}'}" and files "None"
2022-09-08 16:49:59,264  aiogram  DEBUG: Make request: "getUpdates" with data: "{'offset': 705069642, 'timeout': 20}" and files "None"
2022-09-08 16:49:59,409  aiogram  DEBUG: Response for sendMessage: [200] "'{"ok":true,"result":{"message_id":1353,"from":{"id":5512711126,"is_bot":true,"first_name":"Edwica Duplicate Remover","username":"ed_without_duplicates_bot"},"chat":{"id":544490770,"first_name":"Rosya","username":"salomanHere","type":"private"},"date":1662644999,"text":"\\u2754\\u041e\\u0434\\u0438\\u043d\\u0430\\u043a\\u043e\\u0432\\u044b\\u0435 \\u043d\\u0430\\u0432\\u044b\\u043a\\u0438?\\n\\n1\\ufe0f\\u20e3  \\u041f\\u043e\\u0434\\u0432\\u043e\\u0434\\u043d\\u043e-\\u0442\\u0435\\u0445\\u043d\\u0438\\u0447\\u0435\\u0441\\u043a\\u0438\\u0435 \\u0440\\u0430\\u0431\\u043e\\u0442\\u044b\\n2\\ufe0f\\u20e3 \\u0421 \\u043e\\u043f\\u044b\\u0442\\u043e\\u043c \\u0440\\u0430\\u0431\\u043e\\u0442\\u044b\\n\\n\\ud83e\\udd14\\u0421\\u043e\\u0432\\u043c\\u0435\\u0441\\u0442\\u0438\\u043c\\u043e\\u0441\\u0442\\u044c: 86%"}}'"
2022-09-08 16:50:19,378  aiogram  DEBUG: Response for getUpdates: [200] "'{"ok":true,"result":[]}'"
2022-09-08 16:50:19,479  aiogram  DEBUG: Make request: "getUpdates" with data: "{'offset': 705069642, 'timeout': 20}" and files "None"
2022-09-08 16:50:39,678  aiogram  DEBUG: Response for getUpdates: [200] "'{"ok":true,"result":[]}'"
2022-09-08 16:50:39,780  aiogram  DEBUG: Make request: "getUpdates" with data: "{'offset': 705069642, 'timeout': 20}" and files "None"
2022-09-08 16:50:59,952  aiogram  DEBUG: Response for getUpdates: [200] "'{"ok":true,"result":[]}'"
2022-09-08 16:51:00,053  aiogram  DEBUG: Make request: "getUpdates" with data: "{'offset': 705069642, 'timeout': 20}" and files "None"
2022-09-08 16:51:20,228  aiogram  DEBUG: Response for getUpdates: [200] "'{"ok":true,"result":[]}'"
2022-09-08 16:51:20,329  aiogram  DEBUG: Make request: "getUpdates" with data: "{'offset': 705069642, 'timeout': 20}" and files "None"
2022-09-08 16:51:40,505  aiogram  DEBUG: Response for getUpdates: [200] "'{"ok":true,"result":[]}'"
2022-09-08 16:51:40,606  aiogram  DEBUG: Make request: "getUpdates" with data: "{'offset': 705069642, 'timeout': 20}" and files "None"
2022-09-08 16:52:00,777  aiogram  DEBUG: Response for getUpdates: [200] "'{"ok":true,"result":[]}'"
2022-09-08 16:52:00,878  aiogram  DEBUG: Make request: "getUpdates" with data: "{'offset': 705069642, 'timeout': 20}" and files "None"
2022-09-08 16:52:21,052  aiogram  DEBUG: Response for getUpdates: [200] "'{"ok":true,"result":[]}'"
2022-09-08 16:52:21,153  aiogram  DEBUG: Make request: "getUpdates" with data: "{'offset': 705069642, 'timeout': 20}" and files "None"
2022-09-08 16:52:30,629  aiogram.dispatcher.dispatcher  INFO: Stop polling...
2022-09-08 16:52:30,631  aiogram  WARNING: Goodbye!
