2022-12-01T19:09:52.444258+0300 INFO [salomanHere] - Начал работу с ботом
2022-12-01T19:09:53.477817+0300 INFO [salomanHere] - Пара: Оптимизация закупок&Оптимизация запросов
2022-12-01T19:09:56.583726+0300 WARNING [salomanHere] - False: 3015
2022-12-01T19:09:56.997403+0300 INFO [salomanHere] - Пара: Оптимизация закупок&Оптимизация затрат
2022-12-01T19:10:01.077722+0300 WARNING [salomanHere] - False: 3016
2022-12-01T19:10:01.583245+0300 INFO [salomanHere] - Пара: Оптимизация закупок&Оптимизация ФОТ
2022-12-01T19:10:03.818237+0300 INFO [salomanHere] - Пара: Оптимизация закупок&Оптимизация затрат
2022-12-01T19:10:05.216472+0300 WARNING [salomanHere] - True: 3016
2022-12-01T19:10:05.404575+0300 INFO [salomanHere] - Пара: Оптимизация закупок&Оптимизация ФОТ
2022-12-01T19:10:08.478802+0300 WARNING [salomanHere] - False: 3017
2022-12-01T19:10:08.889516+0300 INFO [salomanHere] - Пара: Оптимизация закупок&Проведение закупок
2022-12-01T19:10:14.277601+0300 WARNING [salomanHere] - True: 3018
2022-12-01T19:10:14.480016+0300 INFO [salomanHere] - Пара: Продажи запасных частей к спецтехнике&B2G продажи
2022-12-01T19:10:17.580311+0300 WARNING [salomanHere] - False: 3026
2022-12-01T19:10:18.007872+0300 INFO [salomanHere] - Пара: Диагностика автомобиля&Диагностика зрения
2022-12-01T19:10:20.983486+0300 WARNING [salomanHere] - False: 3036
2022-12-01T19:10:21.406854+0300 INFO [salomanHere] - Пара: Odis&Odin
2022-12-01T19:10:24.506676+0300 WARNING [salomanHere] - False: 3045
2022-12-01T19:10:24.974123+0300 INFO [salomanHere] - Пара: Ремонт ходовой части&Знание ходовой части автомобилей.
2022-12-01T19:10:30.524632+0300 WARNING [salomanHere] - True: 3048
2022-12-01T19:10:30.716303+0300 INFO [salomanHere] - Пара: Замена узлов и агрегатов&Сборка узлов и агрегатов
