2022-12-03T12:10:50.643233+0300 ERROR Data/Professions\107 Правоохранительные ограны.xlsx Поврежден и не может быть открыт!
2022-12-03T12:10:50.789804+0300 INFO Собрали все профессии из файла:11 Офисные службы.xlsx 
2022-12-03T12:10:51.016654+0300 INFO Собрали все профессии из файла:122 Продажи.xlsx 
2022-12-03T12:10:51.219658+0300 INFO Собрали все профессии из файла:15 бухгалтерия и налоги.xlsx 
2022-12-03T12:10:51.776528+0300 INFO Собрали все профессии из файла:161 Ит _ Интернет _ Телеком.xlsx 
2022-12-03T12:10:52.030031+0300 INFO Собрали все профессии из файла:23 Охрана и безопасность.xlsx 
2022-12-03T12:10:52.209057+0300 INFO Собрали все профессии из файла:23 Управление персоналом.xlsx 
2022-12-03T12:10:52.360066+0300 INFO Собрали все профессии из файла:30 Бизнес-услуги_.xlsx 
2022-12-03T12:10:52.580089+0300 INFO Собрали все профессии из файла:39 Инвестиции, ценные бумаги и управление финансами.xlsx 
2022-12-03T12:10:52.732166+0300 INFO Собрали все профессии из файла:41 Юриспруденция.xlsx 
2022-12-03T12:10:53.008196+0300 INFO Собрали все профессии из файла:43 Маркетинг _ Реклама. _ PR.xlsx 
2022-12-03T12:10:53.239256+0300 INFO Собрали все профессии из файла:69 СМИ _ Издательства.xlsx 
2022-12-03T12:10:53.947123+0300 INFO Собрали все профессии из файла:Автомобилестроение.xlsx 
2022-12-03T12:10:54.270133+0300 INFO Собрали все профессии из файла:Банки и кредитные компании.xlsx 
2022-12-03T12:10:54.522151+0300 INFO Собрали все профессии из файла:Ветеринария.xlsx 
2022-12-03T12:10:54.798770+0300 INFO Собрали все профессии из файла:Дизайн и полиграфия.xlsx 
2022-12-03T12:10:55.200628+0300 INFO Собрали все профессии из файла:Медицина и здоровье.xlsx 
2022-12-03T12:10:55.200628+0300 INFO Собрали все профессии 
2022-12-03T12:10:55.201632+0300 INFO Переформатировали данные для записи в json
2022-12-03T12:10:55.218657+0300 INFO Сохранили все профессии в один файл: 
